0 info it worked if it ends with ok
1 verbose cli [ 'c:\\Program Files\\nodejs\\node.exe',
1 verbose cli   'c:\\Program Files\\nodejs\\node_modules\\npm\\bin\\npm-cli.js',
1 verbose cli   'run',
1 verbose cli   'webpack' ]
2 info using npm@3.10.10
3 info using node@v6.10.2
4 verbose run-script [ 'prewebpack', 'webpack', 'postwebpack' ]
5 info lifecycle vuedemo@1.0.0~prewebpack: vuedemo@1.0.0
6 silly lifecycle vuedemo@1.0.0~prewebpack: no script for prewebpack, continuing
7 info lifecycle vuedemo@1.0.0~webpack: vuedemo@1.0.0
8 verbose lifecycle vuedemo@1.0.0~webpack: unsafe-perm in lifecycle true
9 verbose lifecycle vuedemo@1.0.0~webpack: PATH: c:\Program Files\nodejs\node_modules\npm\bin\node-gyp-bin;l:\selfWorkSpace\vueProjectDemo\node_modules\.bin;c:\Users\david\bin;.;D:\Program Files (x86)\Git\local\bin;D:\Program Files (x86)\Git\mingw\bin;D:\Program Files (x86)\Git\bin;D:\Program Files (x86)\Git\bin;c:\Program Files (x86)\Intel\iCLS Client\;c:\Program Files\Intel\iCLS Client\;c:\Windows\system32;c:\Windows;c:\Windows\System32\Wbem;c:\Windows\System32\WindowsPowerShell\v1.0\;c:\Program Files (x86)\NVIDIA Corporation\PhysX\Common;c:\Program Files (x86)\Intel\Intel(R) Management Engine Components\DAL;c:\Program Files\Intel\Intel(R) Management Engine Components\DAL;c:\Program Files (x86)\Intel\Intel(R) Management Engine Components\IPT;c:\Program Files\Intel\Intel(R) Management Engine Components\IPT;c:\Program Files\nodejs\;c:\Users\david\AppData\Local\Microsoft\WindowsApps;c:\Users\david\AppData\Roaming\npm;c:\Users\david\AppData\Local\atom\bin
10 verbose lifecycle vuedemo@1.0.0~webpack: CWD: l:\selfWorkSpace\vueProjectDemo
11 silly lifecycle vuedemo@1.0.0~webpack: Args: [ '/d /s /c',
11 silly lifecycle   'rimraf dist &&  webpack --config webpack.config.js --progress --colors --watch' ]
12 silly lifecycle vuedemo@1.0.0~webpack: Returned: code: 1  signal: null
13 info lifecycle vuedemo@1.0.0~webpack: Failed to exec webpack script
14 verbose stack Error: vuedemo@1.0.0 webpack: `rimraf dist &&  webpack --config webpack.config.js --progress --colors --watch`
14 verbose stack Exit status 1
14 verbose stack     at EventEmitter.<anonymous> (c:\Program Files\nodejs\node_modules\npm\lib\utils\lifecycle.js:255:16)
14 verbose stack     at emitTwo (events.js:106:13)
14 verbose stack     at EventEmitter.emit (events.js:191:7)
14 verbose stack     at ChildProcess.<anonymous> (c:\Program Files\nodejs\node_modules\npm\lib\utils\spawn.js:40:14)
14 verbose stack     at emitTwo (events.js:106:13)
14 verbose stack     at ChildProcess.emit (events.js:191:7)
14 verbose stack     at maybeClose (internal/child_process.js:886:16)
14 verbose stack     at Process.ChildProcess._handle.onexit (internal/child_process.js:226:5)
15 verbose pkgid vuedemo@1.0.0
16 verbose cwd l:\selfWorkSpace\vueProjectDemo
17 error Windows_NT 10.0.14393
18 error argv "c:\\Program Files\\nodejs\\node.exe" "c:\\Program Files\\nodejs\\node_modules\\npm\\bin\\npm-cli.js" "run" "webpack"
19 error node v6.10.2
20 error npm  v3.10.10
21 error code ELIFECYCLE
22 error vuedemo@1.0.0 webpack: `rimraf dist &&  webpack --config webpack.config.js --progress --colors --watch`
22 error Exit status 1
23 error Failed at the vuedemo@1.0.0 webpack script 'rimraf dist &&  webpack --config webpack.config.js --progress --colors --watch'.
23 error Make sure you have the latest version of node.js and npm installed.
23 error If you do, this is most likely a problem with the vuedemo package,
23 error not with npm itself.
23 error Tell the author that this fails on your system:
23 error     rimraf dist &&  webpack --config webpack.config.js --progress --colors --watch
23 error You can get information on how to open an issue for this project with:
23 error     npm bugs vuedemo
23 error Or if that isn't available, you can get their info via:
23 error     npm owner ls vuedemo
23 error There is likely additional logging output above.
24 verbose exit [ 1, true ]
